<?xml version="1.0" encoding="UTF-8"?>
<!-- Generated by org.testng.reporters.JUnitReportReporter -->
<testsuite hostname="AS101353" failures="0" tests="1" name="codingexercise.constructorWithoutExtend.Tests.LoginTest" time="0.022" errors="0" timestamp="2022-11-26T06:09:55 CST" skipped="0">
  <testcase classname="codingexercise.constructorWithoutExtend.Tests.LoginTest" name="test1" time="0.022"/>
  <system-out/>
</testsuite> <!-- codingexercise.constructorWithoutExtend.Tests.LoginTest -->
