<?xml version="1.0" encoding="UTF-8"?>
<!-- Generated by org.testng.reporters.JUnitReportReporter -->
<testsuite hostname="AS101353" failures="0" tests="1" name="tests.logintest" time="0.013" errors="0" timestamp="2022-11-26T18:43:38 CST" skipped="0">
  <testcase classname="tests.logintest" name="test1" time="0.013"/>
  <system-out/>
</testsuite> <!-- tests.logintest -->
